Build started 13/08/2014 08:06:18 a.m..
     1>Project "C:\Users\Victor Lopez\Desktop\Programas\C++\Merge\merge\merge\merge.vcxproj" on node 2 (build target(s)).
     1>InitializeBuildStatus:
         Creating "Debug\merge.unsuccessfulbuild" because "AlwaysCreate" was specified.
       ClCompile:
         All outputs are up-to-date.
         c:\Program Files (x86)\Microsoft Visual Studio 10.0\VC\bin\CL.exe /c /ZI /nologo /W3 /WX- /Od /Oy- /D WIN32 /D _DEBUG /D _CONSOLE /D _UNICODE /D UNICODE /Gm /EHsc /RTC1 /MDd /GS /fp:precise /Zc:wchar_t /Zc:forScope /Yu"StdAfx.h" /Fp"Debug\merge.pch" /Fo"Debug\\" /Fd"Debug\vc100.pdb" /Gd /TP /analyze- /errorReport:prompt merge.cpp
         merge.cpp
     1>c:\users\victor lopez\desktop\programas\c++\merge\merge\merge\merge.cpp(14): warning C4996: 'scanf': This function or variable may be unsafe. Consider using scanf_s instead. To disable deprecation, use _CRT_SECURE_NO_WARNINGS. See online help for details.
                 c:\program files (x86)\microsoft visual studio 10.0\vc\include\stdio.h(304) : see declaration of 'scanf'
     1>c:\users\victor lopez\desktop\programas\c++\merge\merge\merge\merge.cpp(16): warning C4996: 'scanf': This function or variable may be unsafe. Consider using scanf_s instead. To disable deprecation, use _CRT_SECURE_NO_WARNINGS. See online help for details.
                 c:\program files (x86)\microsoft visual studio 10.0\vc\include\stdio.h(304) : see declaration of 'scanf'
     1>c:\users\victor lopez\desktop\programas\c++\merge\merge\merge\merge.cpp(17): warning C4244: 'argument' : conversion from 'time_t' to 'unsigned int', possible loss of data
     1>c:\users\victor lopez\desktop\programas\c++\merge\merge\merge\merge.cpp(12): warning C4101: 'n3' : unreferenced local variable
     1>c:\users\victor lopez\desktop\programas\c++\merge\merge\merge\merge.cpp(12): warning C4101: 'k' : unreferenced local variable
     1>c:\users\victor lopez\desktop\programas\c++\merge\merge\merge\merge.cpp(12): warning C4101: 'j' : unreferenced local variable
       ManifestResourceCompile:
         All outputs are up-to-date.
       Link:
         c:\Program Files (x86)\Microsoft Visual Studio 10.0\VC\bin\link.exe /ERRORREPORT:PROMPT /OUT:"C:\Users\Victor Lopez\Desktop\Programas\C++\Merge\merge\Debug\merge.exe" /INCREMENTAL /NOLOGO kernel32.lib user32.lib gdi32.lib winspool.lib comdlg32.lib advapi32.lib shell32.lib ole32.lib oleaut32.lib uuid.lib odbc32.lib odbccp32.lib /MANIFEST /ManifestFile:"Debug\merge.exe.intermediate.manifest" /MANIFESTUAC:"level='asInvoker' uiAccess='false'" /DEBUG /PDB:"C:\Users\Victor Lopez\Desktop\Programas\C++\Merge\merge\Debug\merge.pdb" /SUBSYSTEM:CONSOLE /TLBID:1 /DYNAMICBASE /NXCOMPAT /IMPLIB:"C:\Users\Victor Lopez\Desktop\Programas\C++\Merge\merge\Debug\merge.lib" /MACHINE:X86 Debug\merge.exe.embed.manifest.res
         Debug\merge.obj
         Debug\stdafx.obj
       Manifest:
         c:\Program Files (x86)\Microsoft SDKs\Windows\v7.0A\bin\mt.exe /nologo /verbose /out:"Debug\merge.exe.embed.manifest" /manifest Debug\merge.exe.intermediate.manifest
         All outputs are up-to-date.
       LinkEmbedManifest:
         All outputs are up-to-date.
         merge.vcxproj -> C:\Users\Victor Lopez\Desktop\Programas\C++\Merge\merge\Debug\merge.exe
       FinalizeBuildStatus:
         Deleting file "Debug\merge.unsuccessfulbuild".
         Touching "Debug\merge.lastbuildstate".
     1>Done Building Project "C:\Users\Victor Lopez\Desktop\Programas\C++\Merge\merge\merge\merge.vcxproj" (build target(s)).

Build succeeded.

Time Elapsed 00:00:00.54
