Build started 15/09/2014 06:25:22 p.m..
     1>Project "C:\Users\Victor Lopez\Desktop\Programas\C++\Mayor de tres\Mayor de tres\Mayor de tres\Mayor de tres.vcxproj" on node 2 (build target(s)).
     1>InitializeBuildStatus:
         Creating "Debug\Mayor de tres.unsuccessfulbuild" because "AlwaysCreate" was specified.
       ClCompile:
         All outputs are up-to-date.
         c:\Program Files (x86)\Microsoft Visual Studio 10.0\VC\bin\CL.exe /c /ZI /nologo /W3 /WX- /Od /Oy- /D WIN32 /D _DEBUG /D _CONSOLE /D _UNICODE /D UNICODE /Gm /EHsc /RTC1 /MDd /GS /fp:precise /Zc:wchar_t /Zc:forScope /Yu"StdAfx.h" /Fp"Debug\Mayor de tres.pch" /Fo"Debug\\" /Fd"Debug\vc100.pdb" /Gd /TP /analyze- /errorReport:prompt "Mayor de tres.cpp"
         Mayor de tres.cpp
     1>c:\users\victor lopez\desktop\programas\c++\mayor de tres\mayor de tres\mayor de tres\mayor de tres.cpp(13): warning C4996: 'scanf': This function or variable may be unsafe. Consider using scanf_s instead. To disable deprecation, use _CRT_SECURE_NO_WARNINGS. See online help for details.
                 c:\program files (x86)\microsoft visual studio 10.0\vc\include\stdio.h(304) : see declaration of 'scanf'
     1>c:\users\victor lopez\desktop\programas\c++\mayor de tres\mayor de tres\mayor de tres\mayor de tres.cpp(15): warning C4996: 'scanf': This function or variable may be unsafe. Consider using scanf_s instead. To disable deprecation, use _CRT_SECURE_NO_WARNINGS. See online help for details.
                 c:\program files (x86)\microsoft visual studio 10.0\vc\include\stdio.h(304) : see declaration of 'scanf'
     1>c:\users\victor lopez\desktop\programas\c++\mayor de tres\mayor de tres\mayor de tres\mayor de tres.cpp(17): warning C4996: 'scanf': This function or variable may be unsafe. Consider using scanf_s instead. To disable deprecation, use _CRT_SECURE_NO_WARNINGS. See online help for details.
                 c:\program files (x86)\microsoft visual studio 10.0\vc\include\stdio.h(304) : see declaration of 'scanf'
       ManifestResourceCompile:
         All outputs are up-to-date.
       Link:
         c:\Program Files (x86)\Microsoft Visual Studio 10.0\VC\bin\link.exe /ERRORREPORT:PROMPT /OUT:"C:\Users\Victor Lopez\Desktop\Programas\C++\Mayor de tres\Mayor de tres\Debug\Mayor de tres.exe" /INCREMENTAL /NOLOGO kernel32.lib user32.lib gdi32.lib winspool.lib comdlg32.lib advapi32.lib shell32.lib ole32.lib oleaut32.lib uuid.lib odbc32.lib odbccp32.lib /MANIFEST /ManifestFile:"Debug\Mayor de tres.exe.intermediate.manifest" /MANIFESTUAC:"level='asInvoker' uiAccess='false'" /DEBUG /PDB:"C:\Users\Victor Lopez\Desktop\Programas\C++\Mayor de tres\Mayor de tres\Debug\Mayor de tres.pdb" /SUBSYSTEM:CONSOLE /TLBID:1 /DYNAMICBASE /NXCOMPAT /IMPLIB:"C:\Users\Victor Lopez\Desktop\Programas\C++\Mayor de tres\Mayor de tres\Debug\Mayor de tres.lib" /MACHINE:X86 "Debug\Mayor de tres.exe.embed.manifest.res"
         "Debug\Mayor de tres.obj"
         Debug\stdafx.obj
       Manifest:
         c:\Program Files (x86)\Microsoft SDKs\Windows\v7.0A\bin\mt.exe /nologo /verbose /out:"Debug\Mayor de tres.exe.embed.manifest" /manifest "Debug\Mayor de tres.exe.intermediate.manifest"
         All outputs are up-to-date.
       LinkEmbedManifest:
         All outputs are up-to-date.
         Mayor de tres.vcxproj -> C:\Users\Victor Lopez\Desktop\Programas\C++\Mayor de tres\Mayor de tres\Debug\Mayor de tres.exe
       FinalizeBuildStatus:
         Deleting file "Debug\Mayor de tres.unsuccessfulbuild".
         Touching "Debug\Mayor de tres.lastbuildstate".
     1>Done Building Project "C:\Users\Victor Lopez\Desktop\Programas\C++\Mayor de tres\Mayor de tres\Mayor de tres\Mayor de tres.vcxproj" (build target(s)).

Build succeeded.

Time Elapsed 00:00:01.81
