Build started 20/08/2014 08:10:59 a.m..
     1>Project "C:\Users\Victor Lopez\Desktop\Programas\C++\Inserción\insercion\insercion\insercion.vcxproj" on node 2 (build target(s)).
     1>InitializeBuildStatus:
         Creating "Debug\insercion.unsuccessfulbuild" because "AlwaysCreate" was specified.
       ClCompile:
         All outputs are up-to-date.
         c:\Program Files (x86)\Microsoft Visual Studio 10.0\VC\bin\CL.exe /c /ZI /nologo /W3 /WX- /Od /Oy- /D WIN32 /D _DEBUG /D _CONSOLE /D _UNICODE /D UNICODE /Gm /EHsc /RTC1 /MDd /GS /fp:precise /Zc:wchar_t /Zc:forScope /Yu"StdAfx.h" /Fp"Debug\insercion.pch" /Fo"Debug\\" /Fd"Debug\vc100.pdb" /Gd /TP /analyze- /errorReport:prompt insercion.cpp
         insercion.cpp
     1>c:\users\victor lopez\desktop\programas\c++\inserción\insercion\insercion\insercion.cpp(14): warning C4996: 'scanf': This function or variable may be unsafe. Consider using scanf_s instead. To disable deprecation, use _CRT_SECURE_NO_WARNINGS. See online help for details.
                 c:\program files (x86)\microsoft visual studio 10.0\vc\include\stdio.h(304) : see declaration of 'scanf'
     1>c:\users\victor lopez\desktop\programas\c++\inserción\insercion\insercion\insercion.cpp(16): warning C4244: 'argument' : conversion from 'time_t' to 'unsigned int', possible loss of data
       ManifestResourceCompile:
         All outputs are up-to-date.
       Link:
         c:\Program Files (x86)\Microsoft Visual Studio 10.0\VC\bin\link.exe /ERRORREPORT:PROMPT /OUT:"C:\Users\Victor Lopez\Desktop\Programas\C++\Inserción\insercion\Debug\insercion.exe" /INCREMENTAL /NOLOGO kernel32.lib user32.lib gdi32.lib winspool.lib comdlg32.lib advapi32.lib shell32.lib ole32.lib oleaut32.lib uuid.lib odbc32.lib odbccp32.lib /MANIFEST /ManifestFile:"Debug\insercion.exe.intermediate.manifest" /MANIFESTUAC:"level='asInvoker' uiAccess='false'" /DEBUG /PDB:"C:\Users\Victor Lopez\Desktop\Programas\C++\Inserción\insercion\Debug\insercion.pdb" /SUBSYSTEM:CONSOLE /TLBID:1 /DYNAMICBASE /NXCOMPAT /IMPLIB:"C:\Users\Victor Lopez\Desktop\Programas\C++\Inserción\insercion\Debug\insercion.lib" /MACHINE:X86 Debug\insercion.exe.embed.manifest.res
         Debug\insercion.obj
         Debug\stdafx.obj
       Manifest:
         c:\Program Files (x86)\Microsoft SDKs\Windows\v7.0A\bin\mt.exe /nologo /verbose /out:"Debug\insercion.exe.embed.manifest" /manifest Debug\insercion.exe.intermediate.manifest
         All outputs are up-to-date.
       LinkEmbedManifest:
         All outputs are up-to-date.
         insercion.vcxproj -> C:\Users\Victor Lopez\Desktop\Programas\C++\Inserción\insercion\Debug\insercion.exe
       FinalizeBuildStatus:
         Deleting file "Debug\insercion.unsuccessfulbuild".
         Touching "Debug\insercion.lastbuildstate".
     1>Done Building Project "C:\Users\Victor Lopez\Desktop\Programas\C++\Inserción\insercion\insercion\insercion.vcxproj" (build target(s)).

Build succeeded.

Time Elapsed 00:00:00.64
