Build started 15/09/2014 09:24:58 p.m..
     1>Project "C:\Users\Victor Lopez\Desktop\Programas\C++\Mayor n numeros\Mayor_n\Mayor_n\Mayor_n.vcxproj" on node 2 (build target(s)).
     1>InitializeBuildStatus:
         Creating "Debug\Mayor_n.unsuccessfulbuild" because "AlwaysCreate" was specified.
       ClCompile:
         All outputs are up-to-date.
         c:\Program Files (x86)\Microsoft Visual Studio 10.0\VC\bin\CL.exe /c /ZI /nologo /W3 /WX- /Od /Oy- /D WIN32 /D _DEBUG /D _CONSOLE /D _UNICODE /D UNICODE /Gm /EHsc /RTC1 /MDd /GS /fp:precise /Zc:wchar_t /Zc:forScope /Yu"StdAfx.h" /Fp"Debug\Mayor_n.pch" /Fo"Debug\\" /Fd"Debug\vc100.pdb" /Gd /TP /analyze- /errorReport:prompt Mayor_n.cpp
         Mayor_n.cpp
     1>c:\users\victor lopez\desktop\programas\c++\mayor n numeros\mayor_n\mayor_n\mayor_n.cpp(14): warning C4996: 'scanf': This function or variable may be unsafe. Consider using scanf_s instead. To disable deprecation, use _CRT_SECURE_NO_WARNINGS. See online help for details.
                 c:\program files (x86)\microsoft visual studio 10.0\vc\include\stdio.h(304) : see declaration of 'scanf'
     1>c:\users\victor lopez\desktop\programas\c++\mayor n numeros\mayor_n\mayor_n\mayor_n.cpp(17): warning C4996: 'scanf': This function or variable may be unsafe. Consider using scanf_s instead. To disable deprecation, use _CRT_SECURE_NO_WARNINGS. See online help for details.
                 c:\program files (x86)\microsoft visual studio 10.0\vc\include\stdio.h(304) : see declaration of 'scanf'
       ManifestResourceCompile:
         All outputs are up-to-date.
       Link:
         c:\Program Files (x86)\Microsoft Visual Studio 10.0\VC\bin\link.exe /ERRORREPORT:PROMPT /OUT:"C:\Users\Victor Lopez\Desktop\Programas\C++\Mayor n numeros\Mayor_n\Debug\Mayor_n.exe" /INCREMENTAL /NOLOGO kernel32.lib user32.lib gdi32.lib winspool.lib comdlg32.lib advapi32.lib shell32.lib ole32.lib oleaut32.lib uuid.lib odbc32.lib odbccp32.lib /MANIFEST /ManifestFile:"Debug\Mayor_n.exe.intermediate.manifest" /MANIFESTUAC:"level='asInvoker' uiAccess='false'" /DEBUG /PDB:"C:\Users\Victor Lopez\Desktop\Programas\C++\Mayor n numeros\Mayor_n\Debug\Mayor_n.pdb" /SUBSYSTEM:CONSOLE /TLBID:1 /DYNAMICBASE /NXCOMPAT /IMPLIB:"C:\Users\Victor Lopez\Desktop\Programas\C++\Mayor n numeros\Mayor_n\Debug\Mayor_n.lib" /MACHINE:X86 Debug\Mayor_n.exe.embed.manifest.res
         Debug\Mayor_n.obj
         Debug\stdafx.obj
       Manifest:
         c:\Program Files (x86)\Microsoft SDKs\Windows\v7.0A\bin\mt.exe /nologo /verbose /out:"Debug\Mayor_n.exe.embed.manifest" /manifest Debug\Mayor_n.exe.intermediate.manifest
         All outputs are up-to-date.
       LinkEmbedManifest:
         All outputs are up-to-date.
         Mayor_n.vcxproj -> C:\Users\Victor Lopez\Desktop\Programas\C++\Mayor n numeros\Mayor_n\Debug\Mayor_n.exe
       FinalizeBuildStatus:
         Deleting file "Debug\Mayor_n.unsuccessfulbuild".
         Touching "Debug\Mayor_n.lastbuildstate".
     1>Done Building Project "C:\Users\Victor Lopez\Desktop\Programas\C++\Mayor n numeros\Mayor_n\Mayor_n\Mayor_n.vcxproj" (build target(s)).

Build succeeded.

Time Elapsed 00:00:00.68
