C:\USERS\VICTOR LOPEZ\DESKTOP\PROGRAMAS\C++\MAYOR N NUMEROS\MAYOR_N\DEBUG\MAYOR_N.EXE
C:\USERS\VICTOR LOPEZ\DESKTOP\PROGRAMAS\C++\MAYOR N NUMEROS\MAYOR_N\DEBUG\MAYOR_N.ILK
C:\USERS\VICTOR LOPEZ\DESKTOP\PROGRAMAS\C++\MAYOR N NUMEROS\MAYOR_N\DEBUG\MAYOR_N.PDB
C:\Users\Victor Lopez\Desktop\Programas\C++\Mayor n numeros\Mayor_n\Mayor_n\Debug\cl.command.1.tlog
C:\Users\Victor Lopez\Desktop\Programas\C++\Mayor n numeros\Mayor_n\Mayor_n\Debug\CL.read.1.tlog
C:\Users\Victor Lopez\Desktop\Programas\C++\Mayor n numeros\Mayor_n\Mayor_n\Debug\CL.write.1.tlog
C:\Users\Victor Lopez\Desktop\Programas\C++\Mayor n numeros\Mayor_n\Mayor_n\Debug\link.7836.read.1.tlog
C:\Users\Victor Lopez\Desktop\Programas\C++\Mayor n numeros\Mayor_n\Mayor_n\Debug\link.7836.write.1.tlog
C:\Users\Victor Lopez\Desktop\Programas\C++\Mayor n numeros\Mayor_n\Mayor_n\Debug\link.7836-cvtres.read.1.tlog
C:\Users\Victor Lopez\Desktop\Programas\C++\Mayor n numeros\Mayor_n\Mayor_n\Debug\link.7836-cvtres.write.1.tlog
C:\Users\Victor Lopez\Desktop\Programas\C++\Mayor n numeros\Mayor_n\Mayor_n\Debug\link.command.1.tlog
C:\Users\Victor Lopez\Desktop\Programas\C++\Mayor n numeros\Mayor_n\Mayor_n\Debug\link.read.1.tlog
C:\Users\Victor Lopez\Desktop\Programas\C++\Mayor n numeros\Mayor_n\Mayor_n\Debug\link.write.1.tlog
C:\Users\Victor Lopez\Desktop\Programas\C++\Mayor n numeros\Mayor_n\Mayor_n\Debug\link-cvtres.read.1.tlog
C:\Users\Victor Lopez\Desktop\Programas\C++\Mayor n numeros\Mayor_n\Mayor_n\Debug\link-cvtres.write.1.tlog
C:\USERS\VICTOR LOPEZ\DESKTOP\PROGRAMAS\C++\MAYOR N NUMEROS\MAYOR_N\MAYOR_N\DEBUG\MAYOR_N.EXE.EMBED.MANIFEST
C:\USERS\VICTOR LOPEZ\DESKTOP\PROGRAMAS\C++\MAYOR N NUMEROS\MAYOR_N\MAYOR_N\DEBUG\MAYOR_N.EXE.EMBED.MANIFEST.RES
C:\USERS\VICTOR LOPEZ\DESKTOP\PROGRAMAS\C++\MAYOR N NUMEROS\MAYOR_N\MAYOR_N\DEBUG\MAYOR_N.EXE.INTERMEDIATE.MANIFEST
C:\USERS\VICTOR LOPEZ\DESKTOP\PROGRAMAS\C++\MAYOR N NUMEROS\MAYOR_N\MAYOR_N\DEBUG\MAYOR_N.OBJ
C:\USERS\VICTOR LOPEZ\DESKTOP\PROGRAMAS\C++\MAYOR N NUMEROS\MAYOR_N\MAYOR_N\DEBUG\MAYOR_N.PCH
C:\Users\Victor Lopez\Desktop\Programas\C++\Mayor n numeros\Mayor_n\Mayor_n\Debug\Mayor_n.vcxprojResolveAssemblyReference.cache
C:\Users\Victor Lopez\Desktop\Programas\C++\Mayor n numeros\Mayor_n\Mayor_n\Debug\Mayor_n.write.1.tlog
C:\Users\Victor Lopez\Desktop\Programas\C++\Mayor n numeros\Mayor_n\Mayor_n\Debug\Mayor_n_manifest.rc
C:\Users\Victor Lopez\Desktop\Programas\C++\Mayor n numeros\Mayor_n\Mayor_n\Debug\mt.command.1.tlog
C:\Users\Victor Lopez\Desktop\Programas\C++\Mayor n numeros\Mayor_n\Mayor_n\Debug\mt.read.1.tlog
C:\Users\Victor Lopez\Desktop\Programas\C++\Mayor n numeros\Mayor_n\Mayor_n\Debug\mt.write.1.tlog
C:\Users\Victor Lopez\Desktop\Programas\C++\Mayor n numeros\Mayor_n\Mayor_n\Debug\rc.command.1.tlog
C:\Users\Victor Lopez\Desktop\Programas\C++\Mayor n numeros\Mayor_n\Mayor_n\Debug\rc.read.1.tlog
C:\Users\Victor Lopez\Desktop\Programas\C++\Mayor n numeros\Mayor_n\Mayor_n\Debug\rc.write.1.tlog
C:\USERS\VICTOR LOPEZ\DESKTOP\PROGRAMAS\C++\MAYOR N NUMEROS\MAYOR_N\MAYOR_N\DEBUG\STDAFX.OBJ
C:\Users\Victor Lopez\Desktop\Programas\C++\Mayor n numeros\Mayor_n\Mayor_n\Debug\vc100.idb
C:\USERS\VICTOR LOPEZ\DESKTOP\PROGRAMAS\C++\MAYOR N NUMEROS\MAYOR_N\MAYOR_N\DEBUG\VC100.PDB
